00:58:11 **** Incremental Build of configuration Debug for project speed ****
make -j7 all 
arm-none-eabi-gcc -o "speed.elf" @"objects.list"  -l:libbtstack.a -mcpu=cortex-m4 -T"/Users/admin/Desktop/AJAX/speed/STM32WB10CCUX_FLASH.ld" --specs=nosys.specs -Wl,-Map="speed.map" -Wl,--gc-sections -static -L../Middlewares/Third_Party/Infineon_Wireless_Connectivity/btstack/stack/COMPONENT_WICED_BLE/COMPONENT_CM4/COMPONENT_SOFTFP/TOOLCHAIN_GCC_ARM --specs=nano.specs -mfpu=fpv4-sp-d16 -mfloat-abi=hard -mthumb -Wl,--start-group -lc -lm -Wl,--end-group
/Applications/STM32CubeIDE.app/Contents/Eclipse/plugins/com.st.stm32cube.ide.mcu.externaltools.gnu-tools-for-stm32.13.3.rel1.macos64_1.0.0.202411102158/tools/bin/../lib/gcc/arm-none-eabi/13.3.1/../../../../arm-none-eabi/bin/ld: cannot find -l:libbtstack.a: No such file or directory
collect2: error: ld returned 1 exit status
make: *** [makefile:64: speed.elf] Error 1
"make -j7 all" terminated with exit code 2. Build might be incomplete.

00:58:11 Build Failed. 2 errors, 0 warnings. (took 494ms)

